<?xml version="1.0" encoding="UTF-8"?>
<!-- Generated by org.testng.reporters.JUnitXMLReporter -->
<testsuite ignored="0" hostname="DESKTOP-TIA0QUJ" failures="1" tests="3" name="Submit order Test" time="31.67" errors="0" timestamp="2024-01-16T14:34:36 IST">
  <testcase classname="Selenium_Project_01_test.SeleniuM_Framewor.Order_submit_test" name="ordersubmittest" time="9.247"/>
  <testcase classname="Selenium_Project_01_test.SeleniuM_Framewor.Order_submit_test" name="ordersubmittest" time="9.128"/>
  <testcase classname="Selenium_Project_01_test.SeleniuM_Framewor.Order_submit_test" name="orderhistorytest" time="1.135">
    <failure type="java.lang.AssertionError" message="expected [true] but found [false]">
      <![CDATA[java.lang.AssertionError: expected [true] but found [false]
at Selenium_Project_01_test.SeleniuM_Framewor.Order_submit_test.orderhistorytest(Order_submit_test.java:66)
at java.base/java.util.ArrayList.forEach(ArrayList.java:1511)
... Removed 31 stack frames]]>
    </failure>
  </testcase> <!-- orderhistorytest -->
</testsuite> <!-- Submit order Test -->
