<?xml version="1.0" encoding="UTF-8"?>
<testng-results retried="1" ignored="1" total="7" passed="3" failed="2" skipped="0">
  <reporter-output>
  </reporter-output>
  <suite started-at="2024-01-15T15:08:57 IST" name="Suite" finished-at="2024-01-15T15:09:42 IST" duration-ms="45659">
    <groups>
      <group name="Error Validations">
        <method signature="Error_validationtest.loginerrortest()[pri:0, instance:Selenium_Project_01_test.SeleniuM_Framewor.Error_validationtest@6e4566f1]" name="loginerrortest" class="Selenium_Project_01_test.SeleniuM_Framewor.Error_validationtest"/>
        <method signature="Error_validationtest.producterrortest()[pri:0, instance:Selenium_Project_01_test.SeleniuM_Framewor.Error_validationtest@6e4566f1]" name="producterrortest" class="Selenium_Project_01_test.SeleniuM_Framewor.Error_validationtest"/>
      </group> <!-- Error Validations -->
      <group name="datatest">
        <method signature="Order_submit_test.ordersubmittest(java.lang.String,java.lang.String,java.lang.String)[pri:0, instance:Selenium_Project_01_test.SeleniuM_Framewor.Order_submit_test@64bce832]" name="ordersubmittest" class="Selenium_Project_01_test.SeleniuM_Framewor.Order_submit_test"/>
      </group> <!-- datatest -->
    </groups>
    <test started-at="2024-01-15T15:08:57 IST" name="Submit order Test" finished-at="2024-01-15T15:09:23 IST" duration-ms="26056">
      <class name="Selenium_Project_01_test.SeleniuM_Framewor.Order_submit_test">
        <test-method is-config="true" signature="openpage()[pri:0, instance:Selenium_Project_01_test.SeleniuM_Framewor.Order_submit_test@64bce832]" started-at="2024-01-15T15:08:57 IST" name="openpage" finished-at="2024-01-15T15:09:00 IST" duration-ms="2220" status="PASS">
          <reporter-output>
          </reporter-output>
        </test-method> <!-- openpage -->
        <test-method signature="ordersubmittest(java.lang.String,java.lang.String,java.lang.String)[pri:0, instance:Selenium_Project_01_test.SeleniuM_Framewor.Order_submit_test@64bce832]" started-at="2024-01-15T15:09:00 IST" name="ordersubmittest" data-provider="getdata" finished-at="2024-01-15T15:09:09 IST" duration-ms="9119" status="PASS">
          <params>
            <param index="0">
              <value>
                <![CDATA[govind1234@gmail.com]]>
              </value>
            </param>
            <param index="1">
              <value>
                <![CDATA[Automation@1]]>
              </value>
            </param>
            <param index="2">
              <value>
                <![CDATA[ADIDAS ORIGINAL]]>
              </value>
            </param>
          </params>
          <reporter-output>
          </reporter-output>
        </test-method> <!-- ordersubmittest -->
        <test-method is-config="true" signature="teardown()[pri:0, instance:Selenium_Project_01_test.SeleniuM_Framewor.Order_submit_test@64bce832]" started-at="2024-01-15T15:09:09 IST" name="teardown" finished-at="2024-01-15T15:09:09 IST" duration-ms="243" status="PASS">
          <reporter-output>
          </reporter-output>
        </test-method> <!-- teardown -->
        <test-method is-config="true" signature="openpage()[pri:0, instance:Selenium_Project_01_test.SeleniuM_Framewor.Order_submit_test@64bce832]" started-at="2024-01-15T15:09:09 IST" name="openpage" finished-at="2024-01-15T15:09:11 IST" duration-ms="1514" status="PASS">
          <reporter-output>
          </reporter-output>
        </test-method> <!-- openpage -->
        <test-method signature="ordersubmittest(java.lang.String,java.lang.String,java.lang.String)[pri:0, instance:Selenium_Project_01_test.SeleniuM_Framewor.Order_submit_test@64bce832]" started-at="2024-01-15T15:09:11 IST" name="ordersubmittest" data-provider="getdata" finished-at="2024-01-15T15:09:20 IST" duration-ms="8972" status="PASS">
          <params>
            <param index="0">
              <value>
                <![CDATA[jadhavgovind8140@gmail.com]]>
              </value>
            </param>
            <param index="1">
              <value>
                <![CDATA[Balasaheb@1]]>
              </value>
            </param>
            <param index="2">
              <value>
                <![CDATA[ZARA COAT 3]]>
              </value>
            </param>
          </params>
          <reporter-output>
          </reporter-output>
        </test-method> <!-- ordersubmittest -->
        <test-method is-config="true" signature="teardown()[pri:0, instance:Selenium_Project_01_test.SeleniuM_Framewor.Order_submit_test@64bce832]" started-at="2024-01-15T15:09:20 IST" name="teardown" finished-at="2024-01-15T15:09:20 IST" duration-ms="190" status="PASS">
          <reporter-output>
          </reporter-output>
        </test-method> <!-- teardown -->
        <test-method is-config="true" signature="openpage()[pri:0, instance:Selenium_Project_01_test.SeleniuM_Framewor.Order_submit_test@64bce832]" started-at="2024-01-15T15:09:20 IST" name="openpage" finished-at="2024-01-15T15:09:21 IST" duration-ms="1477" status="PASS">
          <reporter-output>
          </reporter-output>
        </test-method> <!-- openpage -->
        <test-method signature="orderhistorytest()[pri:0, instance:Selenium_Project_01_test.SeleniuM_Framewor.Order_submit_test@64bce832]" started-at="2024-01-15T15:09:21 IST" name="orderhistorytest" finished-at="2024-01-15T15:09:22 IST" depends-on-methods="Selenium_Project_01_test.SeleniuM_Framewor.Order_submit_test.ordersubmittest" duration-ms="849" status="FAIL">
          <exception class="java.lang.AssertionError">
            <message>
              <![CDATA[expected [true] but found [false]]]>
            </message>
            <full-stacktrace>
              <![CDATA[java.lang.AssertionError: expected [true] but found [false]
at org.testng.Assert.fail(Assert.java:111)
at org.testng.Assert.failNotEquals(Assert.java:1578)
at org.testng.Assert.assertTrue(Assert.java:57)
at org.testng.Assert.assertTrue(Assert.java:67)
at Selenium_Project_01_test.SeleniuM_Framewor.Order_submit_test.orderhistorytest(Order_submit_test.java:66)
at java.base/jdk.internal.reflect.DirectMethodHandleAccessor.invoke(DirectMethodHandleAccessor.java:103)
at java.base/java.lang.reflect.Method.invoke(Method.java:580)
at org.testng.internal.invokers.MethodInvocationHelper.invokeMethod(MethodInvocationHelper.java:139)
at org.testng.internal.invokers.TestInvoker.invokeMethod(TestInvoker.java:664)
at org.testng.internal.invokers.TestInvoker.invokeTestMethod(TestInvoker.java:228)
at org.testng.internal.invokers.MethodRunner.runInSequence(MethodRunner.java:63)
at org.testng.internal.invokers.TestInvoker$MethodInvocationAgent.invoke(TestInvoker.java:961)
at org.testng.internal.invokers.TestInvoker.invokeTestMethods(TestInvoker.java:201)
at org.testng.internal.invokers.TestMethodWorker.invokeTestMethods(TestMethodWorker.java:148)
at org.testng.internal.invokers.TestMethodWorker.run(TestMethodWorker.java:128)
at java.base/java.util.ArrayList.forEach(ArrayList.java:1596)
at org.testng.TestRunner.privateRun(TestRunner.java:819)
at org.testng.TestRunner.run(TestRunner.java:619)
at org.testng.SuiteRunner.runTest(SuiteRunner.java:443)
at org.testng.SuiteRunner.runSequentially(SuiteRunner.java:437)
at org.testng.SuiteRunner.privateRun(SuiteRunner.java:397)
at org.testng.SuiteRunner.run(SuiteRunner.java:336)
at org.testng.SuiteRunnerWorker.runSuite(SuiteRunnerWorker.java:52)
at org.testng.SuiteRunnerWorker.run(SuiteRunnerWorker.java:95)
at org.testng.TestNG.runSuitesSequentially(TestNG.java:1301)
at org.testng.TestNG.runSuitesLocally(TestNG.java:1228)
at org.testng.TestNG.runSuites(TestNG.java:1134)
at org.testng.TestNG.run(TestNG.java:1101)
at org.apache.maven.surefire.testng.TestNGExecutor.run(TestNGExecutor.java:308)
at org.apache.maven.surefire.testng.TestNGXmlTestSuite.execute(TestNGXmlTestSuite.java:71)
at org.apache.maven.surefire.testng.TestNGProvider.invoke(TestNGProvider.java:113)
at org.apache.maven.surefire.booter.ForkedBooter.runSuitesInProcess(ForkedBooter.java:385)
at org.apache.maven.surefire.booter.ForkedBooter.execute(ForkedBooter.java:162)
at org.apache.maven.surefire.booter.ForkedBooter.run(ForkedBooter.java:507)
at org.apache.maven.surefire.booter.ForkedBooter.main(ForkedBooter.java:495)
]]>
            </full-stacktrace>
          </exception> <!-- java.lang.AssertionError -->
          <reporter-output>
          </reporter-output>
        </test-method> <!-- orderhistorytest -->
        <test-method is-config="true" signature="teardown()[pri:0, instance:Selenium_Project_01_test.SeleniuM_Framewor.Order_submit_test@64bce832]" started-at="2024-01-15T15:09:22 IST" name="teardown" finished-at="2024-01-15T15:09:23 IST" duration-ms="197" status="PASS">
          <reporter-output>
          </reporter-output>
        </test-method> <!-- teardown -->
      </class> <!-- Selenium_Project_01_test.SeleniuM_Framewor.Order_submit_test -->
    </test> <!-- Submit order Test -->
    <test started-at="2024-01-15T15:09:23 IST" name="Error Validations test" finished-at="2024-01-15T15:09:42 IST" duration-ms="19219">
      <class name="Selenium_Project_01_test.SeleniuM_Framewor.Error_validationtest">
        <test-method is-config="true" signature="openpage()[pri:0, instance:Selenium_Project_01_test.SeleniuM_Framewor.Error_validationtest@6e4566f1]" started-at="2024-01-15T15:09:23 IST" name="openpage" finished-at="2024-01-15T15:09:25 IST" duration-ms="1522" status="PASS">
          <reporter-output>
          </reporter-output>
        </test-method> <!-- openpage -->
        <test-method retried="true" signature="loginerrortest()[pri:0, instance:Selenium_Project_01_test.SeleniuM_Framewor.Error_validationtest@6e4566f1]" started-at="2024-01-15T15:09:25 IST" name="loginerrortest" finished-at="2024-01-15T15:09:25 IST" duration-ms="565" status="SKIP">
          <exception class="java.lang.AssertionError">
            <message>
              <![CDATA[expected [true] but found [false]]]>
            </message>
            <full-stacktrace>
              <![CDATA[java.lang.AssertionError: expected [true] but found [false]
at org.testng.Assert.fail(Assert.java:111)
at org.testng.Assert.failNotEquals(Assert.java:1578)
at org.testng.Assert.assertTrue(Assert.java:57)
at org.testng.Assert.assertTrue(Assert.java:67)
at Selenium_Project_01_test.SeleniuM_Framewor.Error_validationtest.loginerrortest(Error_validationtest.java:26)
at java.base/jdk.internal.reflect.DirectMethodHandleAccessor.invoke(DirectMethodHandleAccessor.java:103)
at java.base/java.lang.reflect.Method.invoke(Method.java:580)
at org.testng.internal.invokers.MethodInvocationHelper.invokeMethod(MethodInvocationHelper.java:139)
at org.testng.internal.invokers.TestInvoker.invokeMethod(TestInvoker.java:664)
at org.testng.internal.invokers.TestInvoker.invokeTestMethod(TestInvoker.java:228)
at org.testng.internal.invokers.MethodRunner.runInSequence(MethodRunner.java:63)
at org.testng.internal.invokers.TestInvoker$MethodInvocationAgent.invoke(TestInvoker.java:961)
at org.testng.internal.invokers.TestInvoker.invokeTestMethods(TestInvoker.java:201)
at org.testng.internal.invokers.TestMethodWorker.invokeTestMethods(TestMethodWorker.java:148)
at org.testng.internal.invokers.TestMethodWorker.run(TestMethodWorker.java:128)
at java.base/java.util.ArrayList.forEach(ArrayList.java:1596)
at org.testng.TestRunner.privateRun(TestRunner.java:819)
at org.testng.TestRunner.run(TestRunner.java:619)
at org.testng.SuiteRunner.runTest(SuiteRunner.java:443)
at org.testng.SuiteRunner.runSequentially(SuiteRunner.java:437)
at org.testng.SuiteRunner.privateRun(SuiteRunner.java:397)
at org.testng.SuiteRunner.run(SuiteRunner.java:336)
at org.testng.SuiteRunnerWorker.runSuite(SuiteRunnerWorker.java:52)
at org.testng.SuiteRunnerWorker.run(SuiteRunnerWorker.java:95)
at org.testng.TestNG.runSuitesSequentially(TestNG.java:1301)
at org.testng.TestNG.runSuitesLocally(TestNG.java:1228)
at org.testng.TestNG.runSuites(TestNG.java:1134)
at org.testng.TestNG.run(TestNG.java:1101)
at org.apache.maven.surefire.testng.TestNGExecutor.run(TestNGExecutor.java:308)
at org.apache.maven.surefire.testng.TestNGXmlTestSuite.execute(TestNGXmlTestSuite.java:71)
at org.apache.maven.surefire.testng.TestNGProvider.invoke(TestNGProvider.java:113)
at org.apache.maven.surefire.booter.ForkedBooter.runSuitesInProcess(ForkedBooter.java:385)
at org.apache.maven.surefire.booter.ForkedBooter.execute(ForkedBooter.java:162)
at org.apache.maven.surefire.booter.ForkedBooter.run(ForkedBooter.java:507)
at org.apache.maven.surefire.booter.ForkedBooter.main(ForkedBooter.java:495)
]]>
            </full-stacktrace>
          </exception> <!-- java.lang.AssertionError -->
          <reporter-output>
          </reporter-output>
        </test-method> <!-- loginerrortest -->
        <test-method is-config="true" signature="teardown()[pri:0, instance:Selenium_Project_01_test.SeleniuM_Framewor.Error_validationtest@6e4566f1]" started-at="2024-01-15T15:09:25 IST" name="teardown" finished-at="2024-01-15T15:09:25 IST" duration-ms="157" status="PASS">
          <reporter-output>
          </reporter-output>
        </test-method> <!-- teardown -->
        <test-method is-config="true" signature="openpage()[pri:0, instance:Selenium_Project_01_test.SeleniuM_Framewor.Error_validationtest@6e4566f1]" started-at="2024-01-15T15:09:25 IST" name="openpage" finished-at="2024-01-15T15:09:29 IST" duration-ms="3279" status="PASS">
          <reporter-output>
          </reporter-output>
        </test-method> <!-- openpage -->
        <test-method signature="loginerrortest()[pri:0, instance:Selenium_Project_01_test.SeleniuM_Framewor.Error_validationtest@6e4566f1]" started-at="2024-01-15T15:09:29 IST" name="loginerrortest" finished-at="2024-01-15T15:09:30 IST" duration-ms="1138" status="FAIL">
          <exception class="java.lang.AssertionError">
            <message>
              <![CDATA[expected [true] but found [false]]]>
            </message>
            <full-stacktrace>
              <![CDATA[java.lang.AssertionError: expected [true] but found [false]
at org.testng.Assert.fail(Assert.java:111)
at org.testng.Assert.failNotEquals(Assert.java:1578)
at org.testng.Assert.assertTrue(Assert.java:57)
at org.testng.Assert.assertTrue(Assert.java:67)
at Selenium_Project_01_test.SeleniuM_Framewor.Error_validationtest.loginerrortest(Error_validationtest.java:26)
at java.base/jdk.internal.reflect.DirectMethodHandleAccessor.invoke(DirectMethodHandleAccessor.java:103)
at java.base/java.lang.reflect.Method.invoke(Method.java:580)
at org.testng.internal.invokers.MethodInvocationHelper.invokeMethod(MethodInvocationHelper.java:139)
at org.testng.internal.invokers.TestInvoker.invokeMethod(TestInvoker.java:664)
at org.testng.internal.invokers.TestInvoker.retryFailed(TestInvoker.java:249)
at org.testng.internal.invokers.MethodRunner.runInSequence(MethodRunner.java:76)
at org.testng.internal.invokers.TestInvoker$MethodInvocationAgent.invoke(TestInvoker.java:961)
at org.testng.internal.invokers.TestInvoker.invokeTestMethods(TestInvoker.java:201)
at org.testng.internal.invokers.TestMethodWorker.invokeTestMethods(TestMethodWorker.java:148)
at org.testng.internal.invokers.TestMethodWorker.run(TestMethodWorker.java:128)
at java.base/java.util.ArrayList.forEach(ArrayList.java:1596)
at org.testng.TestRunner.privateRun(TestRunner.java:819)
at org.testng.TestRunner.run(TestRunner.java:619)
at org.testng.SuiteRunner.runTest(SuiteRunner.java:443)
at org.testng.SuiteRunner.runSequentially(SuiteRunner.java:437)
at org.testng.SuiteRunner.privateRun(SuiteRunner.java:397)
at org.testng.SuiteRunner.run(SuiteRunner.java:336)
at org.testng.SuiteRunnerWorker.runSuite(SuiteRunnerWorker.java:52)
at org.testng.SuiteRunnerWorker.run(SuiteRunnerWorker.java:95)
at org.testng.TestNG.runSuitesSequentially(TestNG.java:1301)
at org.testng.TestNG.runSuitesLocally(TestNG.java:1228)
at org.testng.TestNG.runSuites(TestNG.java:1134)
at org.testng.TestNG.run(TestNG.java:1101)
at org.apache.maven.surefire.testng.TestNGExecutor.run(TestNGExecutor.java:308)
at org.apache.maven.surefire.testng.TestNGXmlTestSuite.execute(TestNGXmlTestSuite.java:71)
at org.apache.maven.surefire.testng.TestNGProvider.invoke(TestNGProvider.java:113)
at org.apache.maven.surefire.booter.ForkedBooter.runSuitesInProcess(ForkedBooter.java:385)
at org.apache.maven.surefire.booter.ForkedBooter.execute(ForkedBooter.java:162)
at org.apache.maven.surefire.booter.ForkedBooter.run(ForkedBooter.java:507)
at org.apache.maven.surefire.booter.ForkedBooter.main(ForkedBooter.java:495)
]]>
            </full-stacktrace>
          </exception> <!-- java.lang.AssertionError -->
          <reporter-output>
          </reporter-output>
        </test-method> <!-- loginerrortest -->
        <test-method is-config="true" signature="teardown()[pri:0, instance:Selenium_Project_01_test.SeleniuM_Framewor.Error_validationtest@6e4566f1]" started-at="2024-01-15T15:09:30 IST" name="teardown" finished-at="2024-01-15T15:09:30 IST" duration-ms="175" status="PASS">
          <reporter-output>
          </reporter-output>
        </test-method> <!-- teardown -->
        <test-method is-config="true" signature="openpage()[pri:0, instance:Selenium_Project_01_test.SeleniuM_Framewor.Error_validationtest@6e4566f1]" started-at="2024-01-15T15:09:30 IST" name="openpage" finished-at="2024-01-15T15:09:34 IST" duration-ms="3590" status="PASS">
          <reporter-output>
          </reporter-output>
        </test-method> <!-- openpage -->
        <test-method signature="producterrortest()[pri:0, instance:Selenium_Project_01_test.SeleniuM_Framewor.Error_validationtest@6e4566f1]" started-at="2024-01-15T15:09:34 IST" name="producterrortest" finished-at="2024-01-15T15:09:42 IST" duration-ms="8064" status="PASS">
          <reporter-output>
          </reporter-output>
        </test-method> <!-- producterrortest -->
        <test-method is-config="true" signature="teardown()[pri:0, instance:Selenium_Project_01_test.SeleniuM_Framewor.Error_validationtest@6e4566f1]" started-at="2024-01-15T15:09:42 IST" name="teardown" finished-at="2024-01-15T15:09:42 IST" duration-ms="220" status="PASS">
          <reporter-output>
          </reporter-output>
        </test-method> <!-- teardown -->
      </class> <!-- Selenium_Project_01_test.SeleniuM_Framewor.Error_validationtest -->
    </test> <!-- Error Validations test -->
  </suite> <!-- Suite -->
</testng-results>
